Flow report for binary2graycode
Fri Nov 11 12:56:51 2022
Quartus II 64-Bit Version 13.1.0 Build 162 10/23/2013 SJ Web Edition


---------------------
; Table of Contents ;
---------------------
  1. Legal Notice
  2. Flow Summary
  3. Flow Settings
  4. Flow Non-Default Global Settings
  5. Flow Elapsed Time
  6. Flow OS Summary
  7. Flow Log
  8. Flow Messages
  9. Flow Suppressed Messages



----------------
; Legal Notice ;
----------------
Copyright (C) 1991-2013 Altera Corporation
Your use of Altera Corporation's design tools, logic functions 
and other software and tools, and its AMPP partner logic 
functions, and any output files from any of the foregoing 
(including device programming or simulation files), and any 
associated documentation or information are expressly subject 
to the terms and conditions of the Altera Program License 
Subscription Agreement, Altera MegaCore Function License 
Agreement, or other applicable license agreement, including, 
without limitation, that your use is for the sole purpose of 
programming logic devices manufactured by Altera and sold by 
Altera or its authorized distributors.  Please refer to the 
applicable agreement for further details.



+---------------------------------------------------------------------------------+
; Flow Summary                                                                    ;
+------------------------------------+--------------------------------------------+
; Flow Status                        ; Successful - Fri Nov 11 12:56:51 2022      ;
; Quartus II 64-Bit Version          ; 13.1.0 Build 162 10/23/2013 SJ Web Edition ;
; Revision Name                      ; binary2graycode                            ;
; Top-level Entity Name              ; b2g                                        ;
; Family                             ; Cyclone IV GX                              ;
; Total logic elements               ; 3 / 14,400 ( < 1 % )                       ;
;     Total combinational functions  ; 3 / 14,400 ( < 1 % )                       ;
;     Dedicated logic registers      ; 0 / 14,400 ( 0 % )                         ;
; Total registers                    ; 0                                          ;
; Total pins                         ; 8 / 81 ( 10 % )                            ;
; Total virtual pins                 ; 0                                          ;
; Total memory bits                  ; 0 / 552,960 ( 0 % )                        ;
; Embedded Multiplier 9-bit elements ; 0                                          ;
; Total GXB Receiver Channel PCS     ; 0 / 2 ( 0 % )                              ;
; Total GXB Receiver Channel PMA     ; 0 / 2 ( 0 % )                              ;
; Total GXB Transmitter Channel PCS  ; 0 / 2 ( 0 % )                              ;
; Total GXB Transmitter Channel PMA  ; 0 / 2 ( 0 % )                              ;
; Total PLLs                         ; 0 / 3 ( 0 % )                              ;
; Device                             ; EP4CGX15BF14C6                             ;
; Timing Models                      ; Final                                      ;
+------------------------------------+--------------------------------------------+


+-----------------------------------------+
; Flow Settings                           ;
+-------------------+---------------------+
; Option            ; Setting             ;
+-------------------+---------------------+
; Start date & time ; 11/11/2022 12:38:38 ;
; Main task         ; Compilation         ;
; Revision Name     ; binary2graycode     ;
+-------------------+---------------------+


+------------------------------------------------------------------------------------------------------------------------+
; Flow Non-Default Global Settings                                                                                       ;
+-------------------------------------+---------------------------------+-----------------+-------------+----------------+
; Assignment Name                     ; Value                           ; Default Value   ; Entity Name ; Section Id     ;
+-------------------------------------+---------------------------------+-----------------+-------------+----------------+
; COMPILER_SIGNATURE_ID               ; 154027276638098.166815771811944 ; --              ; --          ; --             ;
; EDA_OUTPUT_DATA_FORMAT              ; Vhdl                            ; --              ; --          ; eda_simulation ;
; EDA_SIMULATION_TOOL                 ; ModelSim-Altera (VHDL)          ; <None>          ; --          ; --             ;
; PARTITION_COLOR                     ; 16764057                        ; --              ; b2g         ; Top            ;
; PARTITION_FITTER_PRESERVATION_LEVEL ; PLACEMENT_AND_ROUTING           ; --              ; b2g         ; Top            ;
; PARTITION_NETLIST_TYPE              ; SOURCE                          ; --              ; b2g         ; Top            ;
; PROJECT_OUTPUT_DIRECTORY            ; output_files                    ; --              ; --          ; --             ;
; TOP_LEVEL_ENTITY                    ; b2g                             ; binary2graycode ; --          ; --             ;
+-------------------------------------+---------------------------------+-----------------+-------------+----------------+


+-------------------------------------------------------------------------------------------------------------------------------+
; Flow Elapsed Time                                                                                                             ;
+---------------------------+--------------+-------------------------+---------------------+------------------------------------+
; Module Name               ; Elapsed Time ; Average Processors Used ; Peak Virtual Memory ; Total CPU Time (on all processors) ;
+---------------------------+--------------+-------------------------+---------------------+------------------------------------+
; Analysis & Synthesis      ; 00:00:01     ; 1.0                     ; 4732 MB             ; 00:00:01                           ;
; Fitter                    ; 00:00:05     ; 1.0                     ; 5041 MB             ; 00:00:05                           ;
; Assembler                 ; 00:00:01     ; 1.0                     ; 4647 MB             ; 00:00:01                           ;
; TimeQuest Timing Analyzer ; 00:00:02     ; 1.0                     ; 4634 MB             ; 00:00:02                           ;
; EDA Netlist Writer        ; 00:00:01     ; 1.0                     ; 4599 MB             ; 00:00:01                           ;
; EDA Netlist Writer        ; 00:00:01     ; 1.0                     ; 4611 MB             ; 00:00:00                           ;
; EDA Netlist Writer        ; 00:00:00     ; 1.0                     ; 4611 MB             ; 00:00:00                           ;
; EDA Netlist Writer        ; 00:00:01     ; 1.0                     ; 4611 MB             ; 00:00:00                           ;
; EDA Netlist Writer        ; 00:00:00     ; 1.0                     ; 4611 MB             ; 00:00:00                           ;
; EDA Netlist Writer        ; 00:00:01     ; 1.0                     ; 4611 MB             ; 00:00:00                           ;
; EDA Netlist Writer        ; 00:00:01     ; 1.0                     ; 4611 MB             ; 00:00:00                           ;
; EDA Netlist Writer        ; 00:00:00     ; 1.0                     ; 4611 MB             ; 00:00:00                           ;
; EDA Netlist Writer        ; 00:00:00     ; 1.0                     ; 4611 MB             ; 00:00:00                           ;
; EDA Netlist Writer        ; 00:00:00     ; 1.0                     ; 4611 MB             ; 00:00:00                           ;
; EDA Netlist Writer        ; 00:00:00     ; 1.0                     ; 4611 MB             ; 00:00:00                           ;
; Total                     ; 00:00:14     ; --                      ; --                  ; 00:00:10                           ;
+---------------------------+--------------+-------------------------+---------------------+------------------------------------+


+----------------------------------------------------------------------------------------+
; Flow OS Summary                                                                        ;
+---------------------------+------------------+-----------+------------+----------------+
; Module Name               ; Machine Hostname ; OS Name   ; OS Version ; Processor type ;
+---------------------------+------------------+-----------+------------+----------------+
; Analysis & Synthesis      ; Lenonvo-PC       ; Windows 7 ; 6.2        ; x86_64         ;
; Fitter                    ; Lenonvo-PC       ; Windows 7 ; 6.2        ; x86_64         ;
; Assembler                 ; Lenonvo-PC       ; Windows 7 ; 6.2        ; x86_64         ;
; TimeQuest Timing Analyzer ; Lenonvo-PC       ; Windows 7 ; 6.2        ; x86_64         ;
; EDA Netlist Writer        ; Lenonvo-PC       ; Windows 7 ; 6.2        ; x86_64         ;
; EDA Netlist Writer        ; Lenonvo-PC       ; Windows 7 ; 6.2        ; x86_64         ;
; EDA Netlist Writer        ; Lenonvo-PC       ; Windows 7 ; 6.2        ; x86_64         ;
; EDA Netlist Writer        ; Lenonvo-PC       ; Windows 7 ; 6.2        ; x86_64         ;
; EDA Netlist Writer        ; Lenonvo-PC       ; Windows 7 ; 6.2        ; x86_64         ;
; EDA Netlist Writer        ; Lenonvo-PC       ; Windows 7 ; 6.2        ; x86_64         ;
; EDA Netlist Writer        ; Lenonvo-PC       ; Windows 7 ; 6.2        ; x86_64         ;
; EDA Netlist Writer        ; Lenonvo-PC       ; Windows 7 ; 6.2        ; x86_64         ;
; EDA Netlist Writer        ; Lenonvo-PC       ; Windows 7 ; 6.2        ; x86_64         ;
; EDA Netlist Writer        ; Lenonvo-PC       ; Windows 7 ; 6.2        ; x86_64         ;
; EDA Netlist Writer        ; Lenonvo-PC       ; Windows 7 ; 6.2        ; x86_64         ;
+---------------------------+------------------+-----------+------------+----------------+


------------
; Flow Log ;
------------
quartus_map --read_settings_files=on --write_settings_files=off binary2graycode -c binary2graycode
quartus_fit --read_settings_files=off --write_settings_files=off binary2graycode -c binary2graycode
quartus_asm --read_settings_files=off --write_settings_files=off binary2graycode -c binary2graycode
quartus_sta binary2graycode -c binary2graycode
quartus_eda --read_settings_files=off --write_settings_files=off binary2graycode -c binary2graycode
quartus_eda --gen_testbench --check_outputs=on --tool=modelsim_oem --format=verilog binary2graycode -c binary2graycode --vector_source=C:/Users/Lenovo/Desktop/binary2graycode/Waveform.vwf --testbench_file=C:/Users/Lenovo/Desktop/binary2graycode/simulation/qsim/Waveform.vwf.vt
quartus_eda --functional=on --flatten_buses=off --simulation=on --tool=modelsim_oem --format=verilog --output_directory=C:/Users/Lenovo/Desktop/binary2graycode/simulation/qsim/ binary2graycode -c binary2graycode
quartus_eda --gen_testbench --check_outputs=on --tool=modelsim_oem --format=verilog binary2graycode -c binary2graycode --vector_source=C:/Users/Lenovo/Desktop/binary2graycode/Waveform.vwf --testbench_file=C:/Users/Lenovo/Desktop/binary2graycode/simulation/qsim/Waveform.vwf.vt
quartus_eda --functional=on --flatten_buses=off --simulation=on --tool=modelsim_oem --format=verilog --output_directory=C:/Users/Lenovo/Desktop/binary2graycode/simulation/qsim/ binary2graycode -c binary2graycode
quartus_eda --gen_testbench --check_outputs=on --tool=modelsim_oem --format=verilog binary2graycode -c binary2graycode --vector_source=C:/Users/Lenovo/Desktop/binary2graycode/Waveform.vwf --testbench_file=C:/Users/Lenovo/Desktop/binary2graycode/simulation/qsim/Waveform.vwf.vt
quartus_eda --functional=on --flatten_buses=off --simulation=on --tool=modelsim_oem --format=verilog --output_directory=C:/Users/Lenovo/Desktop/binary2graycode/simulation/qsim/ binary2graycode -c binary2graycode
quartus_eda --gen_testbench --check_outputs=on --tool=modelsim_oem --format=verilog binary2graycode -c binary2graycode --vector_source=C:/Users/Lenovo/Desktop/binary2graycode/Waveform.vwf --testbench_file=C:/Users/Lenovo/Desktop/binary2graycode/simulation/qsim/Waveform.vwf.vt
quartus_eda --functional=on --flatten_buses=off --simulation=on --tool=modelsim_oem --format=verilog --output_directory=C:/Users/Lenovo/Desktop/binary2graycode/simulation/qsim/ binary2graycode -c binary2graycode
quartus_eda --gen_testbench --check_outputs=on --tool=modelsim_oem --format=verilog binary2graycode -c binary2graycode --vector_source=C:/Users/Lenovo/Desktop/binary2graycode/Waveform.vwf --testbench_file=C:/Users/Lenovo/Desktop/binary2graycode/simulation/qsim/Waveform.vwf.vt
quartus_eda --functional=on --flatten_buses=off --simulation=on --tool=modelsim_oem --format=verilog --output_directory=C:/Users/Lenovo/Desktop/binary2graycode/simulation/qsim/ binary2graycode -c binary2graycode



