Analysis & Synthesis report for alu
Sun Jan 01 22:47:37 2023
Quartus II 64-Bit Version 13.1.0 Build 162 10/23/2013 SJ Web Edition


---------------------
; Table of Contents ;
---------------------
  1. Legal Notice
  2. Analysis & Synthesis Summary
  3. Analysis & Synthesis Settings
  4. Parallel Compilation
  5. Analysis & Synthesis Source Files Read
  6. Analysis & Synthesis Resource Usage Summary
  7. Analysis & Synthesis Resource Utilization by Entity
  8. General Register Statistics
  9. Multiplexer Restructuring Statistics (Restructuring Performed)
 10. Port Connectivity Checks: "div84:alu4"
 11. Port Connectivity Checks: "multiplier_4bit:alu3|adder_4bit:cell_3"
 12. Port Connectivity Checks: "multiplier_4bit:alu3|adder_4bit:cell_2"
 13. Port Connectivity Checks: "multiplier_4bit:alu3|adder_4bit:cell_1"
 14. Elapsed Time Per Partition
 15. Analysis & Synthesis Messages



----------------
; Legal Notice ;
----------------
Copyright (C) 1991-2013 Altera Corporation
Your use of Altera Corporation's design tools, logic functions 
and other software and tools, and its AMPP partner logic 
functions, and any output files from any of the foregoing 
(including device programming or simulation files), and any 
associated documentation or information are expressly subject 
to the terms and conditions of the Altera Program License 
Subscription Agreement, Altera MegaCore Function License 
Agreement, or other applicable license agreement, including, 
without limitation, that your use is for the sole purpose of 
programming logic devices manufactured by Altera and sold by 
Altera or its authorized distributors.  Please refer to the 
applicable agreement for further details.



+---------------------------------------------------------------------------------+
; Analysis & Synthesis Summary                                                    ;
+------------------------------------+--------------------------------------------+
; Analysis & Synthesis Status        ; Successful - Sun Jan 01 22:47:37 2023      ;
; Quartus II 64-Bit Version          ; 13.1.0 Build 162 10/23/2013 SJ Web Edition ;
; Revision Name                      ; alu                                        ;
; Top-level Entity Name              ; ALU                                        ;
; Family                             ; Cyclone IV GX                              ;
; Total logic elements               ; 138                                        ;
;     Total combinational functions  ; 138                                        ;
;     Dedicated logic registers      ; 0                                          ;
; Total registers                    ; 0                                          ;
; Total pins                         ; 27                                         ;
; Total virtual pins                 ; 0                                          ;
; Total memory bits                  ; 0                                          ;
; Embedded Multiplier 9-bit elements ; 0                                          ;
; Total GXB Receiver Channel PCS     ; 0                                          ;
; Total GXB Receiver Channel PMA     ; 0                                          ;
; Total GXB Transmitter Channel PCS  ; 0                                          ;
; Total GXB Transmitter Channel PMA  ; 0                                          ;
; Total PLLs                         ; 0                                          ;
+------------------------------------+--------------------------------------------+


+----------------------------------------------------------------------------------------------------------------------+
; Analysis & Synthesis Settings                                                                                        ;
+----------------------------------------------------------------------------+--------------------+--------------------+
; Option                                                                     ; Setting            ; Default Value      ;
+----------------------------------------------------------------------------+--------------------+--------------------+
; Top-level entity name                                                      ; ALU                ; alu                ;
; Family name                                                                ; Cyclone IV GX      ; Cyclone IV GX      ;
; Use smart compilation                                                      ; Off                ; Off                ;
; Enable parallel Assembler and TimeQuest Timing Analyzer during compilation ; On                 ; On                 ;
; Enable compact report table                                                ; Off                ; Off                ;
; Restructure Multiplexers                                                   ; Auto               ; Auto               ;
; Create Debugging Nodes for IP Cores                                        ; Off                ; Off                ;
; Preserve fewer node names                                                  ; On                 ; On                 ;
; Disable OpenCore Plus hardware evaluation                                  ; Off                ; Off                ;
; Verilog Version                                                            ; Verilog_2001       ; Verilog_2001       ;
; VHDL Version                                                               ; VHDL_1993          ; VHDL_1993          ;
; State Machine Processing                                                   ; Auto               ; Auto               ;
; Safe State Machine                                                         ; Off                ; Off                ;
; Extract Verilog State Machines                                             ; On                 ; On                 ;
; Extract VHDL State Machines                                                ; On                 ; On                 ;
; Ignore Verilog initial constructs                                          ; Off                ; Off                ;
; Iteration limit for constant Verilog loops                                 ; 5000               ; 5000               ;
; Iteration limit for non-constant Verilog loops                             ; 250                ; 250                ;
; Add Pass-Through Logic to Inferred RAMs                                    ; On                 ; On                 ;
; Infer RAMs from Raw Logic                                                  ; On                 ; On                 ;
; Parallel Synthesis                                                         ; On                 ; On                 ;
; DSP Block Balancing                                                        ; Auto               ; Auto               ;
; NOT Gate Push-Back                                                         ; On                 ; On                 ;
; Power-Up Don't Care                                                        ; On                 ; On                 ;
; Remove Redundant Logic Cells                                               ; Off                ; Off                ;
; Remove Duplicate Registers                                                 ; On                 ; On                 ;
; Ignore CARRY Buffers                                                       ; Off                ; Off                ;
; Ignore CASCADE Buffers                                                     ; Off                ; Off                ;
; Ignore GLOBAL Buffers                                                      ; Off                ; Off                ;
; Ignore ROW GLOBAL Buffers                                                  ; Off                ; Off                ;
; Ignore LCELL Buffers                                                       ; Off                ; Off                ;
; Ignore SOFT Buffers                                                        ; On                 ; On                 ;
; Limit AHDL Integers to 32 Bits                                             ; Off                ; Off                ;
; Optimization Technique                                                     ; Balanced           ; Balanced           ;
; Carry Chain Length                                                         ; 70                 ; 70                 ;
; Auto Carry Chains                                                          ; On                 ; On                 ;
; Auto Open-Drain Pins                                                       ; On                 ; On                 ;
; Perform WYSIWYG Primitive Resynthesis                                      ; Off                ; Off                ;
; Auto ROM Replacement                                                       ; On                 ; On                 ;
; Auto RAM Replacement                                                       ; On                 ; On                 ;
; Auto DSP Block Replacement                                                 ; On                 ; On                 ;
; Auto Shift Register Replacement                                            ; Auto               ; Auto               ;
; Allow Shift Register Merging across Hierarchies                            ; Auto               ; Auto               ;
; Auto Clock Enable Replacement                                              ; On                 ; On                 ;
; Strict RAM Replacement                                                     ; Off                ; Off                ;
; Allow Synchronous Control Signals                                          ; On                 ; On                 ;
; Force Use of Synchronous Clear Signals                                     ; Off                ; Off                ;
; Auto RAM Block Balancing                                                   ; On                 ; On                 ;
; Auto RAM to Logic Cell Conversion                                          ; Off                ; Off                ;
; Auto Resource Sharing                                                      ; Off                ; Off                ;
; Allow Any RAM Size For Recognition                                         ; Off                ; Off                ;
; Allow Any ROM Size For Recognition                                         ; Off                ; Off                ;
; Allow Any Shift Register Size For Recognition                              ; Off                ; Off                ;
; Use LogicLock Constraints during Resource Balancing                        ; On                 ; On                 ;
; Ignore translate_off and synthesis_off directives                          ; Off                ; Off                ;
; Timing-Driven Synthesis                                                    ; On                 ; On                 ;
; Report Parameter Settings                                                  ; On                 ; On                 ;
; Report Source Assignments                                                  ; On                 ; On                 ;
; Report Connectivity Checks                                                 ; On                 ; On                 ;
; Ignore Maximum Fan-Out Assignments                                         ; Off                ; Off                ;
; Synchronization Register Chain Length                                      ; 2                  ; 2                  ;
; PowerPlay Power Optimization                                               ; Normal compilation ; Normal compilation ;
; HDL message level                                                          ; Level2             ; Level2             ;
; Suppress Register Optimization Related Messages                            ; Off                ; Off                ;
; Number of Removed Registers Reported in Synthesis Report                   ; 5000               ; 5000               ;
; Number of Swept Nodes Reported in Synthesis Report                         ; 5000               ; 5000               ;
; Number of Inverted Registers Reported in Synthesis Report                  ; 100                ; 100                ;
; Clock MUX Protection                                                       ; On                 ; On                 ;
; Auto Gated Clock Conversion                                                ; Off                ; Off                ;
; Block Design Naming                                                        ; Auto               ; Auto               ;
; SDC constraint protection                                                  ; Off                ; Off                ;
; Synthesis Effort                                                           ; Auto               ; Auto               ;
; Shift Register Replacement - Allow Asynchronous Clear Signal               ; On                 ; On                 ;
; Pre-Mapping Resynthesis Optimization                                       ; Off                ; Off                ;
; Analysis & Synthesis Message Level                                         ; Medium             ; Medium             ;
; Disable Register Merging Across Hierarchies                                ; Auto               ; Auto               ;
; Resource Aware Inference For Block RAM                                     ; On                 ; On                 ;
; Synthesis Seed                                                             ; 1                  ; 1                  ;
+----------------------------------------------------------------------------+--------------------+--------------------+


Parallel compilation was disabled, but you have multiple processors available. Enable parallel compilation to reduce compilation time.
+-------------------------------------+
; Parallel Compilation                ;
+----------------------------+--------+
; Processors                 ; Number ;
+----------------------------+--------+
; Number detected on machine ; 8      ;
; Maximum allowed            ; 1      ;
+----------------------------+--------+


+----------------------------------------------------------------------------------------------------------------------------------+
; Analysis & Synthesis Source Files Read                                                                                           ;
+----------------------------------+-----------------+-----------------+-------------------------------------------------+---------+
; File Name with User-Entered Path ; Used in Netlist ; File Type       ; File Name with Absolute Path                    ; Library ;
+----------------------------------+-----------------+-----------------+-------------------------------------------------+---------+
; alu.vhd                          ; yes             ; User VHDL File  ; C:/Users/Lenovo/Desktop/alu/alu.vhd             ;         ;
; adder_4bit.vhd                   ; yes             ; User VHDL File  ; C:/Users/Lenovo/Desktop/alu/adder_4bit.vhd      ;         ;
; fulladder.vhd                    ; yes             ; User VHDL File  ; C:/Users/Lenovo/Desktop/alu/fulladder.vhd       ;         ;
; halfadder.vhd                    ; yes             ; User VHDL File  ; C:/Users/Lenovo/Desktop/alu/halfadder.vhd       ;         ;
; subtractor_4bit.vhd              ; yes             ; User VHDL File  ; C:/Users/Lenovo/Desktop/alu/subtractor_4bit.vhd ;         ;
; fullsubtractor.vhd               ; yes             ; User VHDL File  ; C:/Users/Lenovo/Desktop/alu/fullsubtractor.vhd  ;         ;
; multiplier_4bit.vhd              ; yes             ; User VHDL File  ; C:/Users/Lenovo/Desktop/alu/multiplier_4bit.vhd ;         ;
; divider42.vhd                    ; yes             ; User VHDL File  ; C:/Users/Lenovo/Desktop/alu/divider42.vhd       ;         ;
+----------------------------------+-----------------+-----------------+-------------------------------------------------+---------+


+---------------------------------------------+
; Analysis & Synthesis Resource Usage Summary ;
+--------------------------+------------------+
; Resource                 ; Usage            ;
+--------------------------+------------------+
; I/O pins                 ; 27               ;
; DSP block 9-bit elements ; 0                ;
; Maximum fan-out node     ; a[3]~input       ;
; Maximum fan-out          ; 26               ;
; Total fan-out            ; 483              ;
; Average fan-out          ; 2.52             ;
+--------------------------+------------------+


+----------------------------------------------------------------------------------------------------------------------------------------------------------------------------------------------------------------------------------------------+
; Analysis & Synthesis Resource Utilization by Entity                                                                                                                                                                                          ;
+-----------------------------+-------------------+--------------+-------------+--------------+---------+-----------+-----------+------+--------------+-------------------------------------------------------------------------+--------------+
; Compilation Hierarchy Node  ; LC Combinationals ; LC Registers ; Memory Bits ; DSP Elements ; DSP 9x9 ; DSP 18x18 ; DSP 36x36 ; Pins ; Virtual Pins ; Full Hierarchy Name                                                     ; Library Name ;
+-----------------------------+-------------------+--------------+-------------+--------------+---------+-----------+-----------+------+--------------+-------------------------------------------------------------------------+--------------+
; |ALU                        ; 138 (22)          ; 0 (0)        ; 0           ; 0            ; 0       ; 0         ; 0         ; 27   ; 0            ; |ALU                                                                    ; work         ;
;    |adder_4bit:alu1|        ; 5 (0)             ; 0 (0)        ; 0           ; 0            ; 0       ; 0         ; 0         ; 0    ; 0            ; |ALU|adder_4bit:alu1                                                    ; work         ;
;       |fulladder:fa1|       ; 1 (1)             ; 0 (0)        ; 0           ; 0            ; 0       ; 0         ; 0         ; 0    ; 0            ; |ALU|adder_4bit:alu1|fulladder:fa1                                      ; work         ;
;       |fulladder:fa2|       ; 1 (1)             ; 0 (0)        ; 0           ; 0            ; 0       ; 0         ; 0         ; 0    ; 0            ; |ALU|adder_4bit:alu1|fulladder:fa2                                      ; work         ;
;       |fulladder:fa3|       ; 2 (2)             ; 0 (0)        ; 0           ; 0            ; 0       ; 0         ; 0         ; 0    ; 0            ; |ALU|adder_4bit:alu1|fulladder:fa3                                      ; work         ;
;       |fulladder:fa4|       ; 1 (1)             ; 0 (0)        ; 0           ; 0            ; 0       ; 0         ; 0         ; 0    ; 0            ; |ALU|adder_4bit:alu1|fulladder:fa4                                      ; work         ;
;    |div84:alu4|             ; 81 (81)           ; 0 (0)        ; 0           ; 0            ; 0       ; 0         ; 0         ; 0    ; 0            ; |ALU|div84:alu4                                                         ; work         ;
;    |multiplier_4bit:alu3|   ; 26 (8)            ; 0 (0)        ; 0           ; 0            ; 0       ; 0         ; 0         ; 0    ; 0            ; |ALU|multiplier_4bit:alu3                                               ; work         ;
;       |adder_4bit:cell_1|   ; 6 (0)             ; 0 (0)        ; 0           ; 0            ; 0       ; 0         ; 0         ; 0    ; 0            ; |ALU|multiplier_4bit:alu3|adder_4bit:cell_1                             ; work         ;
;          |fulladder:fa2|    ; 4 (2)             ; 0 (0)        ; 0           ; 0            ; 0       ; 0         ; 0         ; 0    ; 0            ; |ALU|multiplier_4bit:alu3|adder_4bit:cell_1|fulladder:fa2               ; work         ;
;             |halfadder:ha2| ; 2 (2)             ; 0 (0)        ; 0           ; 0            ; 0       ; 0         ; 0         ; 0    ; 0            ; |ALU|multiplier_4bit:alu3|adder_4bit:cell_1|fulladder:fa2|halfadder:ha2 ; work         ;
;          |fulladder:fa3|    ; 2 (1)             ; 0 (0)        ; 0           ; 0            ; 0       ; 0         ; 0         ; 0    ; 0            ; |ALU|multiplier_4bit:alu3|adder_4bit:cell_1|fulladder:fa3               ; work         ;
;             |halfadder:ha2| ; 1 (1)             ; 0 (0)        ; 0           ; 0            ; 0       ; 0         ; 0         ; 0    ; 0            ; |ALU|multiplier_4bit:alu3|adder_4bit:cell_1|fulladder:fa3|halfadder:ha2 ; work         ;
;       |adder_4bit:cell_2|   ; 6 (0)             ; 0 (0)        ; 0           ; 0            ; 0       ; 0         ; 0         ; 0    ; 0            ; |ALU|multiplier_4bit:alu3|adder_4bit:cell_2                             ; work         ;
;          |fulladder:fa2|    ; 2 (1)             ; 0 (0)        ; 0           ; 0            ; 0       ; 0         ; 0         ; 0    ; 0            ; |ALU|multiplier_4bit:alu3|adder_4bit:cell_2|fulladder:fa2               ; work         ;
;             |halfadder:ha2| ; 1 (1)             ; 0 (0)        ; 0           ; 0            ; 0       ; 0         ; 0         ; 0    ; 0            ; |ALU|multiplier_4bit:alu3|adder_4bit:cell_2|fulladder:fa2|halfadder:ha2 ; work         ;
;          |fulladder:fa3|    ; 2 (1)             ; 0 (0)        ; 0           ; 0            ; 0       ; 0         ; 0         ; 0    ; 0            ; |ALU|multiplier_4bit:alu3|adder_4bit:cell_2|fulladder:fa3               ; work         ;
;             |halfadder:ha2| ; 1 (1)             ; 0 (0)        ; 0           ; 0            ; 0       ; 0         ; 0         ; 0    ; 0            ; |ALU|multiplier_4bit:alu3|adder_4bit:cell_2|fulladder:fa3|halfadder:ha2 ; work         ;
;          |fulladder:fa4|    ; 2 (1)             ; 0 (0)        ; 0           ; 0            ; 0       ; 0         ; 0         ; 0    ; 0            ; |ALU|multiplier_4bit:alu3|adder_4bit:cell_2|fulladder:fa4               ; work         ;
;             |halfadder:ha1| ; 1 (1)             ; 0 (0)        ; 0           ; 0            ; 0       ; 0         ; 0         ; 0    ; 0            ; |ALU|multiplier_4bit:alu3|adder_4bit:cell_2|fulladder:fa4|halfadder:ha1 ; work         ;
;       |adder_4bit:cell_3|   ; 6 (0)             ; 0 (0)        ; 0           ; 0            ; 0       ; 0         ; 0         ; 0    ; 0            ; |ALU|multiplier_4bit:alu3|adder_4bit:cell_3                             ; work         ;
;          |fulladder:fa2|    ; 2 (1)             ; 0 (0)        ; 0           ; 0            ; 0       ; 0         ; 0         ; 0    ; 0            ; |ALU|multiplier_4bit:alu3|adder_4bit:cell_3|fulladder:fa2               ; work         ;
;             |halfadder:ha2| ; 1 (1)             ; 0 (0)        ; 0           ; 0            ; 0       ; 0         ; 0         ; 0    ; 0            ; |ALU|multiplier_4bit:alu3|adder_4bit:cell_3|fulladder:fa2|halfadder:ha2 ; work         ;
;          |fulladder:fa3|    ; 2 (1)             ; 0 (0)        ; 0           ; 0            ; 0       ; 0         ; 0         ; 0    ; 0            ; |ALU|multiplier_4bit:alu3|adder_4bit:cell_3|fulladder:fa3               ; work         ;
;             |halfadder:ha2| ; 1 (1)             ; 0 (0)        ; 0           ; 0            ; 0       ; 0         ; 0         ; 0    ; 0            ; |ALU|multiplier_4bit:alu3|adder_4bit:cell_3|fulladder:fa3|halfadder:ha2 ; work         ;
;          |fulladder:fa4|    ; 2 (1)             ; 0 (0)        ; 0           ; 0            ; 0       ; 0         ; 0         ; 0    ; 0            ; |ALU|multiplier_4bit:alu3|adder_4bit:cell_3|fulladder:fa4               ; work         ;
;             |halfadder:ha2| ; 1 (1)             ; 0 (0)        ; 0           ; 0            ; 0       ; 0         ; 0         ; 0    ; 0            ; |ALU|multiplier_4bit:alu3|adder_4bit:cell_3|fulladder:fa4|halfadder:ha2 ; work         ;
;    |subtractor_4bit:alu2|   ; 4 (0)             ; 0 (0)        ; 0           ; 0            ; 0       ; 0         ; 0         ; 0    ; 0            ; |ALU|subtractor_4bit:alu2                                               ; work         ;
;       |fullsubtractor:fs1|  ; 1 (1)             ; 0 (0)        ; 0           ; 0            ; 0       ; 0         ; 0         ; 0    ; 0            ; |ALU|subtractor_4bit:alu2|fullsubtractor:fs1                            ; work         ;
;       |fullsubtractor:fs2|  ; 1 (1)             ; 0 (0)        ; 0           ; 0            ; 0       ; 0         ; 0         ; 0    ; 0            ; |ALU|subtractor_4bit:alu2|fullsubtractor:fs2                            ; work         ;
;       |fullsubtractor:fs3|  ; 1 (1)             ; 0 (0)        ; 0           ; 0            ; 0       ; 0         ; 0         ; 0    ; 0            ; |ALU|subtractor_4bit:alu2|fullsubtractor:fs3                            ; work         ;
;       |fullsubtractor:fs4|  ; 1 (1)             ; 0 (0)        ; 0           ; 0            ; 0       ; 0         ; 0         ; 0    ; 0            ; |ALU|subtractor_4bit:alu2|fullsubtractor:fs4                            ; work         ;
+-----------------------------+-------------------+--------------+-------------+--------------+---------+-----------+-----------+------+--------------+-------------------------------------------------------------------------+--------------+
Note: For table entries with two numbers listed, the numbers in parentheses indicate the number of resources of the given type used by the specific entity alone. The numbers listed outside of parentheses indicate the total resources of the given type used by the specific entity and all of its sub-entities in the hierarchy.


+------------------------------------------------------+
; General Register Statistics                          ;
+----------------------------------------------+-------+
; Statistic                                    ; Value ;
+----------------------------------------------+-------+
; Total registers                              ; 0     ;
; Number of registers using Synchronous Clear  ; 0     ;
; Number of registers using Synchronous Load   ; 0     ;
; Number of registers using Asynchronous Clear ; 0     ;
; Number of registers using Asynchronous Load  ; 0     ;
; Number of registers using Clock Enable       ; 0     ;
; Number of registers using Preset             ; 0     ;
+----------------------------------------------+-------+


+------------------------------------------------------------------------------------------------------------------------------------------+
; Multiplexer Restructuring Statistics (Restructuring Performed)                                                                           ;
+--------------------+-----------+---------------+----------------------+------------------------+------------+----------------------------+
; Multiplexer Inputs ; Bus Width ; Baseline Area ; Area if Restructured ; Saving if Restructured ; Registered ; Example Multiplexer Output ;
+--------------------+-----------+---------------+----------------------+------------------------+------------+----------------------------+
; 4:1                ; 3 bits    ; 6 LEs         ; 6 LEs                ; 0 LEs                  ; No         ; |ALU|Mux2                  ;
; 4:1                ; 4 bits    ; 8 LEs         ; 8 LEs                ; 0 LEs                  ; No         ; |ALU|Mux3                  ;
+--------------------+-----------+---------------+----------------------+------------------------+------------+----------------------------+


+---------------------------------------------------------------------------------------------------------------------+
; Port Connectivity Checks: "div84:alu4"                                                                              ;
+-----------+--------+----------+-------------------------------------------------------------------------------------+
; Port      ; Type   ; Severity ; Details                                                                             ;
+-----------+--------+----------+-------------------------------------------------------------------------------------+
; remainder ; Output ; Info     ; Connected to dangling logic. Logic that only feeds a dangling port will be removed. ;
+-----------+--------+----------+-------------------------------------------------------------------------------------+


+--------------------------------------------------------------------+
; Port Connectivity Checks: "multiplier_4bit:alu3|adder_4bit:cell_3" ;
+------+-------+----------+------------------------------------------+
; Port ; Type  ; Severity ; Details                                  ;
+------+-------+----------+------------------------------------------+
; cin  ; Input ; Info     ; Stuck at GND                             ;
+------+-------+----------+------------------------------------------+


+--------------------------------------------------------------------+
; Port Connectivity Checks: "multiplier_4bit:alu3|adder_4bit:cell_2" ;
+------+-------+----------+------------------------------------------+
; Port ; Type  ; Severity ; Details                                  ;
+------+-------+----------+------------------------------------------+
; cin  ; Input ; Info     ; Stuck at GND                             ;
+------+-------+----------+------------------------------------------+


+--------------------------------------------------------------------+
; Port Connectivity Checks: "multiplier_4bit:alu3|adder_4bit:cell_1" ;
+------+-------+----------+------------------------------------------+
; Port ; Type  ; Severity ; Details                                  ;
+------+-------+----------+------------------------------------------+
; b[3] ; Input ; Info     ; Stuck at GND                             ;
; cin  ; Input ; Info     ; Stuck at GND                             ;
+------+-------+----------+------------------------------------------+


+-------------------------------+
; Elapsed Time Per Partition    ;
+----------------+--------------+
; Partition Name ; Elapsed Time ;
+----------------+--------------+
; Top            ; 00:00:00     ;
+----------------+--------------+


+-------------------------------+
; Analysis & Synthesis Messages ;
+-------------------------------+
Info: *******************************************************************
Info: Running Quartus II 64-Bit Analysis & Synthesis
    Info: Version 13.1.0 Build 162 10/23/2013 SJ Web Edition
    Info: Processing started: Sun Jan 01 22:47:34 2023
Info: Command: quartus_map --read_settings_files=on --write_settings_files=off alu -c alu
Warning (20028): Parallel compilation is not licensed and has been disabled
Info (12021): Found 2 design units, including 1 entities, in source file alu.vhd
    Info (12022): Found design unit 1: ALU-Behavioral
    Info (12023): Found entity 1: ALU
Info (12021): Found 2 design units, including 1 entities, in source file adder_4bit.vhd
    Info (12022): Found design unit 1: adder_4bit-Behavioral
    Info (12023): Found entity 1: adder_4bit
Info (12021): Found 2 design units, including 1 entities, in source file fulladder.vhd
    Info (12022): Found design unit 1: fulladder-Behavioral
    Info (12023): Found entity 1: fulladder
Info (12021): Found 2 design units, including 1 entities, in source file halfadder.vhd
    Info (12022): Found design unit 1: halfadder-Behavioral
    Info (12023): Found entity 1: halfadder
Info (12021): Found 2 design units, including 1 entities, in source file subtractor_4bit.vhd
    Info (12022): Found design unit 1: subtractor_4bit-Behavioral
    Info (12023): Found entity 1: subtractor_4bit
Info (12021): Found 2 design units, including 1 entities, in source file fullsubtractor.vhd
    Info (12022): Found design unit 1: fullsubtractor-Behavioral
    Info (12023): Found entity 1: fullsubtractor
Warning (12019): Can't analyze file -- file multiplier_3bit.vhd is missing
Info (12021): Found 2 design units, including 1 entities, in source file multiplier_4bit.vhd
    Info (12022): Found design unit 1: multiplier_4bit-multiplier_arch
    Info (12023): Found entity 1: multiplier_4bit
Info (12021): Found 2 design units, including 1 entities, in source file divider42.vhd
    Info (12022): Found design unit 1: div84-div84
    Info (12023): Found entity 1: div84
Info (12127): Elaborating entity "ALU" for the top level hierarchy
Warning (10873): Using initial value X (don't care) for net "t_sub[7..5]" at alu.vhd(46)
Warning (10873): Using initial value X (don't care) for net "t_adder[7..5]" at alu.vhd(46)
Info (12128): Elaborating entity "adder_4bit" for hierarchy "adder_4bit:alu1"
Info (12128): Elaborating entity "fulladder" for hierarchy "adder_4bit:alu1|fulladder:fa1"
Info (12128): Elaborating entity "halfadder" for hierarchy "adder_4bit:alu1|fulladder:fa1|halfadder:ha1"
Info (12128): Elaborating entity "subtractor_4bit" for hierarchy "subtractor_4bit:alu2"
Info (12128): Elaborating entity "fullsubtractor" for hierarchy "subtractor_4bit:alu2|fullsubtractor:fs1"
Info (12128): Elaborating entity "multiplier_4bit" for hierarchy "multiplier_4bit:alu3"
Info (12128): Elaborating entity "div84" for hierarchy "div84:alu4"
Info (286030): Timing-Driven Synthesis is running
Info (16010): Generating hard_block partition "hard_block:auto_generated_inst"
    Info (16011): Adding 0 node(s), including 0 DDIO, 0 PLL, 0 transceiver and 0 LCELL
Info (21057): Implemented 165 device resources after synthesis - the final resource count might be different
    Info (21058): Implemented 19 input pins
    Info (21059): Implemented 8 output pins
    Info (21061): Implemented 138 logic cells
Info: Quartus II 64-Bit Analysis & Synthesis was successful. 0 errors, 4 warnings
    Info: Peak virtual memory: 4731 megabytes
    Info: Processing ended: Sun Jan 01 22:47:37 2023
    Info: Elapsed time: 00:00:03
    Info: Total CPU time (on all processors): 00:00:03


